[2025-04-27 02:39:32] mars_base_internal_temperature: 21
[2025-04-27 02:39:32] mars_base_external_temperature: 18
[2025-04-27 02:39:32] mars_base_internal_humidity: 52
[2025-04-27 02:39:32] mars_base_external_illuminance: 715
[2025-04-27 02:39:32] mars_base_internal_co2: 0.07
[2025-04-27 02:39:32] mars_base_internal_oxygen: 5
[2025-09-15 18:17:30] mars_base_internal_temperature: 27
[2025-09-15 18:17:30] mars_base_external_temperature: 0
[2025-09-15 18:17:30] mars_base_internal_humidity: 58
[2025-09-15 18:17:30] mars_base_external_illuminance: 646
[2025-09-15 18:17:30] mars_base_internal_co2: 0.04
[2025-09-15 18:17:30] mars_base_internal_oxygen: 5
[2025-05-14 19:52:43] mars_base_internal_temperature: 21
[2025-05-14 19:52:43] mars_base_external_temperature: 14
[2025-05-14 19:52:43] mars_base_internal_humidity: 59
[2025-05-14 19:52:43] mars_base_external_illuminance: 575
[2025-05-14 19:52:43] mars_base_internal_co2: 0.07
[2025-05-14 19:52:43] mars_base_internal_oxygen: 5
[2025-11-15 19:29:35] mars_base_internal_temperature: 30
[2025-11-15 19:29:35] mars_base_external_temperature: 5
[2025-11-15 19:29:35] mars_base_internal_humidity: 59
[2025-11-15 19:29:35] mars_base_external_illuminance: 696
[2025-11-15 19:29:35] mars_base_internal_co2: 0.05
[2025-11-15 19:29:35] mars_base_internal_oxygen: 6
[2025-05-07 06:33:40] mars_base_internal_temperature: 21
[2025-05-07 06:33:40] mars_base_external_temperature: 5
[2025-05-07 06:33:40] mars_base_internal_humidity: 59
[2025-05-07 06:33:40] mars_base_external_illuminance: 670
[2025-05-07 06:33:40] mars_base_internal_co2: 0.06
[2025-05-07 06:33:40] mars_base_internal_oxygen: 6
[2025-11-27 14:36:07] mars_base_internal_temperature: 29
[2025-11-27 14:36:07] mars_base_external_temperature: 6
[2025-11-27 14:36:07] mars_base_internal_humidity: 57
[2025-11-27 14:36:07] mars_base_external_illuminance: 702
[2025-11-27 14:36:07] mars_base_internal_co2: 0.04
[2025-11-27 14:36:07] mars_base_internal_oxygen: 6
